==== 重译启动 2026-05-15 06:38:32 ====
目标页：[2, 5, 7, 9, 14, 15, 18, 19, 20, 21, 23, 26, 39, 74, 76, 77, 78, 80, 102, 103, 104, 105, 124, 144, 150, 152, 153, 160, 163, 165, 171, 179, 188, 217, 218, 229, 230, 231, 242, 267, 269, 273, 274, 291, 296, 302, 310, 313, 317, 320, 322, 333, 338, 345, 346, 354, 355, 356, 365, 381, 382, 392, 395, 398, 406, 416]

--- page_id=2 | en_chars=720 | title=The Consul at Kweilin (Ringwalt) to the Chargé in China (Atc ---
  翻译完成 in 2.3s | zh_chars=210

--- page_id=5 | en_chars=2675 | title=The Ambassador in China (Gauss) to the Secretary of State ---
  翻译完成 in 3.9s | zh_chars=610

--- page_id=7 | en_chars=1430 | title=The Ambassador in China (Gauss) to the Secretary of State ---
  翻译完成 in 2.9s | zh_chars=413

--- page_id=9 | en_chars=3145 | title=The Consul General at Kunming (Langdon) to the Secretary of  ---
  翻译完成 in 5.0s | zh_chars=798

--- page_id=14 | en_chars=6698 | title=The Ambassador in China (Gauss) to the Secretary of State ---
  翻译完成 in 8.6s | zh_chars=1668

--- page_id=15 | en_chars=1586 | title=The Consul General at Kunming (Langdon) to the Ambassador in ---
  翻译完成 in 2.7s | zh_chars=418

--- page_id=18 | en_chars=2289 | title=The Ambassador in China (Gauss) to the Secretary of State ---
  翻译完成 in 3.7s | zh_chars=612

--- page_id=19 | en_chars=3809 | title=Memorandum Concerning United States Post-War Military Polici ---
  翻译完成 in 4.4s | zh_chars=915

--- page_id=20 | en_chars=2461 | title=Memorandum Concerning United States Post-War Military Polici ---
  翻译完成 in 3.6s | zh_chars=586

--- page_id=21 | en_chars=1376 | title=Memorandum Concerning United States Post-War Military Polici ---
  翻译完成 in 2.5s | zh_chars=385

--- page_id=23 | en_chars=4417 | title=The Vice Consul at Chengtu (Service) to the Ambassador in Ch ---
  翻译完成 in 7.1s | zh_chars=1130

--- page_id=26 | en_chars=478 | title=Memorandum by the Chief of the Division of Chinese Affairs ( ---
  翻译完成 in 1.8s | zh_chars=160

--- page_id=39 | en_chars=725 | title=Report by the State-War-Navy Coordinating Committee ---
  翻译完成 in 1.7s | zh_chars=246

--- page_id=74 | en_chars=2445 | title=Draft Prepared by General Marshall for the Immediate Cessati ---
  翻译完成 in 4.3s | zh_chars=671

--- page_id=76 | en_chars=2159 | title=Memorandum by General Chou En-lai to General Marshall ---
  翻译完成 in 3.6s | zh_chars=624

--- page_id=77 | en_chars=3477 | title=Memorandum by General Chou En-lai to General Marshall ---
  翻译完成 in 5.1s | zh_chars=876

--- page_id=78 | en_chars=1084 | title=Memorandum by General Marshall to Generalissimo Chiang Kai-s ---
  翻译完成 in 2.2s | zh_chars=294

--- page_id=80 | en_chars=3324 | title=Minutes of Conference Between General Marshall and Professor ---
  翻译完成 in 4.3s | zh_chars=912

--- page_id=102 | en_chars=3056 | title=The Counselor of Embassy in China (Smyth) to the Secretary o ---
  翻译完成 in 5.7s | zh_chars=956

--- page_id=103 | en_chars=2216 | title=General Marshall to President Truman ---
  翻译完成 in 4.3s | zh_chars=668

--- page_id=104 | en_chars=2660 | title=General Marshall to President Truman ---
  翻译完成 in 4.3s | zh_chars=719

--- page_id=105 | en_chars=1764 | title=General Marshall to President Truman ---
  翻译完成 in 3.5s | zh_chars=470

--- page_id=124 | en_chars=2653 | title=Minutes of Conference Between General Marshall and Dr. Lo Lu ---
  翻译完成 in 4.4s | zh_chars=716

--- page_id=144 | en_chars=2284 | title=The Ambassador in China (Stuart) to the Secretary of State ---
  翻译完成 in 4.4s | zh_chars=680

--- page_id=150 | en_chars=9730 | title=Minutes of Meeting Between General Marshall and General Yu T ---
  翻译完成 in 13.1s | zh_chars=2586

--- page_id=152 | en_chars=1670 | title=The Ambassador in China (Stuart) to the Secretary of State ---
  翻译完成 in 3.3s | zh_chars=429

--- page_id=153 | en_chars=485 | title=The Ambassador in China (Stuart) to the Secretary of State ---
  翻译完成 in 1.5s | zh_chars=139

--- page_id=160 | en_chars=540 | title=The Ambassador in China (Stuart) to the Secretary of State ---
  翻译完成 in 1.8s | zh_chars=204

--- page_id=163 | en_chars=356 | title=Minutes of Conference Between General Marshall and Mr. Percy ---
  翻译完成 in 1.6s | zh_chars=134

--- page_id=165 | en_chars=1718 | title=Minutes of Conference Between General Marshall and Mr. Percy ---
  翻译完成 in 3.3s | zh_chars=467

--- page_id=171 | en_chars=1300 | title=The Ambassador in China (Stuart) to the Secretary of State ---
  翻译完成 in 2.7s | zh_chars=408

--- page_id=179 | en_chars=757 | title=Notes on Meeting Between General Marshall and Dr. Stuart at  ---
  翻译完成 in 1.9s | zh_chars=253

--- page_id=188 | en_chars=818 | title=The Ambassador in China (Stuart) to the Secretary of State ---
  翻译完成 in 2.0s | zh_chars=274

--- page_id=217 | en_chars=155 | title=Counterproposals by the Chinese Communist Party ---
  翻译完成 in 1.3s | zh_chars=70

--- page_id=218 | en_chars=293 | title=Chinese National Government’s Reply to Communist Party’s Cou ---
  翻译完成 in 1.5s | zh_chars=119

--- page_id=229 | en_chars=2162 | title=The Ambassador in China (Stuart) to the Secretary of State ---
  翻译完成 in 3.7s | zh_chars=569

--- page_id=230 | en_chars=2560 | title=Minutes of Meeting Between General Marshall, Mr. Mo Teh-hui, ---
  翻译完成 in 3.4s | zh_chars=625

--- page_id=231 | en_chars=2798 | title=Minutes of Meeting Between General Marshall, Mr. Mo Teh-hui, ---
  翻译完成 in 3.7s | zh_chars=630

--- page_id=242 | en_chars=555 | title=The Ambassador in China (Stuart) to the Secretary of State ---
  翻译完成 in 1.7s | zh_chars=224

--- page_id=267 | en_chars=1674 | title=The Ambassador in China (Stuart) to the Secretary of State ---
  翻译完成 in 3.8s | zh_chars=522

--- page_id=269 | en_chars=559 | title=Minutes of Meeting Between General Marshall and General C. P ---
  翻译完成 in 1.5s | zh_chars=143

--- page_id=273 | en_chars=1116 | title=The Ambassador in China (Stuart) to the Secretary of State ---
  翻译完成 in 2.2s | zh_chars=326

--- page_id=274 | en_chars=1463 | title=The Consul General at Peiping (Myers) to the Secretary of St ---
  翻译完成 in 3.8s | zh_chars=470

--- page_id=291 | en_chars=1862 | title=The Ambassador in China (Stuart) to the Secretary of State ---
  翻译完成 in 3.6s | zh_chars=549

--- page_id=296 | en_chars=2580 | title=The Ambassador in China (Stuart) to the Secretary of State ---
  翻译完成 in 4.2s | zh_chars=721

--- page_id=302 | en_chars=2307 | title=The Ambassador in China (Stuart) to the Secretary of State ---
  翻译完成 in 4.4s | zh_chars=679

--- page_id=310 | en_chars=520 | title=The Ambassador in China (Stuart) to the Secretary of State ---
  翻译完成 in 1.5s | zh_chars=175

--- page_id=313 | en_chars=231 | title=The Ambassador in China (Stuart) to the Secretary of State ---
  翻译完成 in 1.2s | zh_chars=117

--- page_id=317 | en_chars=343 | title=The Ambassador in China (Stuart) to the Secretary of State ---
  翻译完成 in 1.5s | zh_chars=132

--- page_id=320 | en_chars=934 | title=The Ambassador in China (Stuart) to the Secretary of State ---
  翻译完成 in 2.3s | zh_chars=289

--- page_id=322 | en_chars=414 | title=The Assistant Chief of the Division of Chinese Affairs (Rice ---
  翻译完成 in 1.3s | zh_chars=133

--- page_id=333 | en_chars=5550 | title=Mr. Carsun Chang, Chairman of the Chinese Democratic Sociali ---
  翻译完成 in 7.0s | zh_chars=1313

--- page_id=338 | en_chars=1015 | title=The Ambassador in China (Stuart) to the Secretary of State ---
  翻译完成 in 2.4s | zh_chars=343

--- page_id=345 | en_chars=2998 | title=The Ambassador in China (Stuart) to the Secretary of State ---
  翻译完成 in 5.5s | zh_chars=843

--- page_id=346 | en_chars=1577 | title=The Ambassador in China (Stuart) to the Secretary of State ---
  翻译完成 in 3.0s | zh_chars=394

--- page_id=354 | en_chars=334 | title=The Ambassador in China (Stuart) to the Secretary of State ---
  翻译完成 in 1.4s | zh_chars=120

--- page_id=355 | en_chars=2554 | title=The Ambassador in China (Stuart) to the Secretary of State ---
  翻译完成 in 4.0s | zh_chars=737

--- page_id=356 | en_chars=841 | title=The Ambassador in China (Stuart) to the Secretary of State ---
  翻译完成 in 1.9s | zh_chars=235

--- page_id=365 | en_chars=487 | title=The Consul General at Shanghai (Cabot) to the Ambassador in  ---
  翻译完成 in 1.6s | zh_chars=133

--- page_id=381 | en_chars=431 | title=The Consul General at Peiping (Clubb) to the Secretary of St ---
  翻译完成 in 1.5s | zh_chars=166

--- page_id=382 | en_chars=1567 | title=The Consul General at Peiping (Clubb) to the Secretary of St ---
  翻译完成 in 2.8s | zh_chars=414

--- page_id=392 | en_chars=2357 | title=Memorandum of Conversation, by the Ambassador at Large (Jess ---
  翻译完成 in 5.0s | zh_chars=574

--- page_id=395 | en_chars=2762 | title=The Ambassador in China (Stuart) to the Secretary of State ---
  翻译完成 in 5.3s | zh_chars=869

--- page_id=398 | en_chars=1778 | title=The Consul General at Shanghai (Cabot) to the Secretary of S ---
  翻译完成 in 3.9s | zh_chars=667

--- page_id=406 | en_chars=8085 | title=The Consul at Shanghai (McConaughy) to the Secretary of Stat ---
  翻译完成 in 13.4s | zh_chars=2433

--- page_id=416 | en_chars=4331 | title=Memorandum by Mr. Charlton Ogburn of the Bureau of Far Easte ---
  翻译完成 in 5.9s | zh_chars=1178

==== 完成 ====
成功：66 页 | 失败：0 页
成功 page_ids：[2, 5, 7, 9, 14, 15, 18, 19, 20, 21, 23, 26, 39, 74, 76, 77, 78, 80, 102, 103, 104, 105, 124, 144, 150, 152, 153, 160, 163, 165, 171, 179, 188, 217, 218, 229, 230, 231, 242, 267, 269, 273, 274, 291, 296, 302, 310, 313, 317, 320, 322, 333, 338, 345, 346, 354, 355, 356, 365, 381, 382, 392, 395, 398, 406, 416]
失败：[]
