==== 重译启动 2026-05-15 06:28:31 ====
目标页：[75, 91, 94, 97, 125, 146, 174, 237, 330, 413]

--- page_id=75 | en_chars=9783 | title=Minutes of Meeting Between General Marshall and General Chou ---
  翻译完成 in 12.6s | zh_chars=2389

--- page_id=91 | en_chars=21751 | title=Minutes of Meeting Between General Marshall and General Chou ---
  翻译完成 in 22.7s | zh_chars=5505

--- page_id=94 | en_chars=30686 | title=Memorandum by the State–War–Navy Coordinating Committee to t ---
  翻译完成 in 36.2s | zh_chars=8425

--- page_id=97 | en_chars=9797 | title=Minutes of Meeting Between General Marshall and General Chou ---
  翻译完成 in 13.9s | zh_chars=2654

--- page_id=125 | en_chars=10074 | title=Minutes of Meeting Between General Marshall and General Chou ---
  翻译完成 in 11.6s | zh_chars=2445

--- page_id=146 | en_chars=18221 | title=Minutes of Meeting Between General Marshall and General Chow ---
  翻译完成 in 22.3s | zh_chars=4649

--- page_id=174 | en_chars=24782 | title=Minutes of Meeting Between General Marshall and General Chou ---
  翻译完成 in 25.9s | zh_chars=6376

--- page_id=237 | en_chars=9196 | title=General Marshall’s Notes on a Series of Meetings With Genera ---
  翻译完成 in 13.1s | zh_chars=2533

--- page_id=330 | en_chars=23674 | title=The Consul at Peiping (Freeman) to the Ambassador in China ( ---
  翻译完成 in 28.3s | zh_chars=6074

--- page_id=413 | en_chars=30477 | title=Policy Statement Prepared in the Department of State ---
  翻译完成 in 34.9s | zh_chars=7811

==== 完成 ====
成功：10 页 | 失败：0 页
成功 page_ids：[75, 91, 94, 97, 125, 146, 174, 237, 330, 413]
失败：[]
